


ARM Macro Assembler    Page 1 


    1 00000000         ;
    2 00000000         ; CS1022 Introduction to Computing II 2019/2020
    3 00000000         ; Lab 1B - Bubble Sort
    4 00000000         ;
    5 00000000         
    6 00000000 0000000A 
                       N       EQU              10
    7 00000000         
    8 00000000                 AREA             globals, DATA, READWRITE
    9 00000000         
   10 00000000         ; N word-size values
   11 00000000         
   12 00000000 00 00 00 
              00 00 00 
              00 00 00 
              00 00 00 
              00 00 00 
              00 00 00 
              00 00 00 
              00 00 00 
              00 00 00 
              00 00 00 
              00 00 00 
              00 00 00 
              00 00 00 
              00       SORTED  SPACE            N*4         ; N words (4 bytes 
                                                            each)
   13 00000028         
   14 00000028         
   15 00000028                 AREA             RESET, CODE, READONLY
   16 00000000                 ENTRY
   17 00000000         
   18 00000000         
   19 00000000         ;
   20 00000000         ; copy the test data into RAM
   21 00000000         ;
   22 00000000         
   23 00000000 E59F409C        LDR              R4, =SORTED
   24 00000004 E59F509C        LDR              R5, =UNSORT
   25 00000008 E3A06000        LDR              R6, =0
   26 0000000C         whInit
   27 0000000C E356000A        CMP              R6, #N
   28 00000010 2A000003        BHS              eWhInit
   29 00000014 E7957106        LDR              R7, [R5, R6, LSL #2]
   30 00000018 E7847106        STR              R7, [R4, R6, LSL #2]
   31 0000001C E2866001        ADD              R6, R6, #1
   32 00000020 EAFFFFF9        B                whInit
   33 00000024         eWhInit
   34 00000024         
   35 00000024 E59F4078        LDR              R4, =SORTED
   36 00000028 E59F5078        LDR              R5, =UNSORT
   37 0000002C         doWhile
   38 0000002C E3A06000        LDR              R6, =0      ; boolean swapped =
                                                             false;
   39 00000030 E3A07001        LDR              R7, =1      ; i = 1;
   40 00000034         forLoop
   41 00000034 E357000A        CMP              R7, #N
   42 00000038 2A00000C        BHS              endForLoop
   43 0000003C E2477001        SUB              R7, R7, #1



ARM Macro Assembler    Page 2 


   44 00000040 E7948107        LDR              R8, [R4, R7, LSL #2]
   45 00000044 E2877001        ADD              R7, R7, #1
   46 00000048 E7949107        LDR              R9, [R4, R7, LSL #2]
   47 0000004C E1580009        CMP              R8, R9
   48 00000050 9A000004        BLS              dontSwap
   49 00000054 E2477001        SUB              R7, R7, #1
   50 00000058 E7849107        STR              R9, [R4, R7, LSL #2]
   51 0000005C E2877001        ADD              R7, R7, #1
   52 00000060 E7848107        STR              R8, [R4, R7, LSL #2]
   53 00000064 E3A06001        LDR              R6, =1
   54 00000068         dontSwap
   55 00000068 E2877001        ADD              R7, R7, #1  ; i++;
   56 0000006C EAFFFFF0        B                forLoop
   57 00000070         endForLoop
   58 00000070         
   59 00000070 E3560000        CMP              R6, #0
   60 00000074 1AFFFFEC        BNE              doWhile     ; } while (swapped)
                                                            
   61 00000078 EAFFFFFE 
                       stop    B                stop
   62 0000007C         
   63 0000007C 00000009 
              00000003 
              00000000 
              00000001 
              00000006 
              00000002 
              00000004 
              00000007 
              00000008 
              00000005 UNSORT  DCD              9,3,0,1,6,2,4,7,8,5
   64 000000A4         
   65 000000A4                 END
              00000000 
              00000000 
              00000000 
Command Line: --debug --xref --diag_suppress=9931 --apcs=interwork --depend=.\o
bjects\lab2-bubblesort.d -o.\objects\lab2-bubblesort.o -IC:\Keil_v5\ARM\RV31\IN
C -IC:\Keil_v5\ARM\CMSIS\Include -IC:\Keil_v5\ARM\INC\Philips --predefine="__EV
AL SETA 1" --predefine="__UVISION_VERSION SETA 528" --list=.\listings\lab2-bubb
lesort.lst lab2-bubblesort.s



ARM Macro Assembler    Page 1 Alphabetic symbol ordering
Relocatable symbols

SORTED 00000000

Symbol: SORTED
   Definitions
      At line 12 in file lab2-bubblesort.s
   Uses
      At line 23 in file lab2-bubblesort.s
      At line 35 in file lab2-bubblesort.s

globals 00000000

Symbol: globals
   Definitions
      At line 8 in file lab2-bubblesort.s
   Uses
      None
Comment: globals unused
2 symbols



ARM Macro Assembler    Page 1 Alphabetic symbol ordering
Relocatable symbols

RESET 00000000

Symbol: RESET
   Definitions
      At line 15 in file lab2-bubblesort.s
   Uses
      None
Comment: RESET unused
UNSORT 0000007C

Symbol: UNSORT
   Definitions
      At line 63 in file lab2-bubblesort.s
   Uses
      At line 24 in file lab2-bubblesort.s
      At line 36 in file lab2-bubblesort.s

doWhile 0000002C

Symbol: doWhile
   Definitions
      At line 37 in file lab2-bubblesort.s
   Uses
      At line 60 in file lab2-bubblesort.s
Comment: doWhile used once
dontSwap 00000068

Symbol: dontSwap
   Definitions
      At line 54 in file lab2-bubblesort.s
   Uses
      At line 48 in file lab2-bubblesort.s
Comment: dontSwap used once
eWhInit 00000024

Symbol: eWhInit
   Definitions
      At line 33 in file lab2-bubblesort.s
   Uses
      At line 28 in file lab2-bubblesort.s
Comment: eWhInit used once
endForLoop 00000070

Symbol: endForLoop
   Definitions
      At line 57 in file lab2-bubblesort.s
   Uses
      At line 42 in file lab2-bubblesort.s
Comment: endForLoop used once
forLoop 00000034

Symbol: forLoop
   Definitions
      At line 40 in file lab2-bubblesort.s
   Uses
      At line 56 in file lab2-bubblesort.s
Comment: forLoop used once
stop 00000078




ARM Macro Assembler    Page 2 Alphabetic symbol ordering
Relocatable symbols

Symbol: stop
   Definitions
      At line 61 in file lab2-bubblesort.s
   Uses
      At line 61 in file lab2-bubblesort.s
Comment: stop used once
whInit 0000000C

Symbol: whInit
   Definitions
      At line 26 in file lab2-bubblesort.s
   Uses
      At line 32 in file lab2-bubblesort.s
Comment: whInit used once
9 symbols



ARM Macro Assembler    Page 1 Alphabetic symbol ordering
Absolute symbols

N 0000000A

Symbol: N
   Definitions
      At line 6 in file lab2-bubblesort.s
   Uses
      At line 12 in file lab2-bubblesort.s
      At line 27 in file lab2-bubblesort.s
      At line 41 in file lab2-bubblesort.s

1 symbol
346 symbols in table
